[14-Sep-23 23:28:42 - INFO] - SpamX.Main.bot - Started As None !
[14-Sep-23 23:29:41 - INFO] - SpamX.Main.bot - Started As None !
[14-Sep-23 23:31:53 - INFO] - SpamX.Main.bot - Started As None !
[14-Sep-23 23:33:34 - INFO] - SpamX.Main.bot - Started As None !
[14-Sep-23 23:35:39 - INFO] - SpamX.Main.bot - Started As None !
[14-Sep-23 23:36:23 - INFO] - SpamX.Main.bot - Started As None !
[14-Sep-23 23:36:24 - INFO] - SpamX - Necessary Modules Imported Successfully !
[14-Sep-23 23:36:24 - INFO] - SpamX - SpamX Started Successfully !
[14-Sep-23 23:37:57 - INFO] - SpamX - Started As None !
[14-Sep-23 23:37:58 - INFO] - SpamX - Necessary Modules Imported Successfully !
[14-Sep-23 23:37:58 - INFO] - SpamX - SpamX Started Successfully !
[14-Sep-23 23:47:15 - INFO] - SpamX - Started As None !
[14-Sep-23 23:47:16 - INFO] - SpamX - Necessary Modules Imported Successfully !
[15-Sep-23 00:14:00 - INFO] - SpamX - Started As None !
[15-Sep-23 00:14:01 - INFO] - SpamX - Necessary Modules Imported Successfully !
[15-Sep-23 00:14:01 - INFO] - SpamX - SpamX Started Successfully !
[15-Sep-23 00:15:49 - INFO] - SpamX - Started As None !
[15-Sep-23 00:15:50 - INFO] - SpamX - Necessary Modules Imported Successfully !
[15-Sep-23 00:15:50 - INFO] - SpamX - SpamX Started Successfully !
[15-Sep-23 12:00:07 - INFO] - SpamX - Started As None !
[15-Sep-23 12:00:08 - INFO] - SpamX - Necessary Modules Imported Successfully !
[15-Sep-23 12:00:22 - INFO] - SpamX - Assistant One Started !
[15-Sep-23 12:00:22 - INFO] - SpamX - SpamX Started Successfully !
[15-Sep-23 12:01:31 - INFO] - SpamX - Started As None !
[15-Sep-23 12:01:32 - INFO] - SpamX - Necessary Modules Imported Successfully !
[15-Sep-23 12:01:37 - INFO] - SpamX - Assistant One Started !
[15-Sep-23 12:01:37 - INFO] - SpamX - SpamX Started Successfully !
[15-Sep-23 12:09:59 - INFO] - SpamX - Started As None !
[15-Sep-23 12:09:59 - INFO] - SpamX - Necessary Modules Imported Successfully !
[15-Sep-23 12:10:07 - INFO] - SpamX - Assistant One Started !
[15-Sep-23 12:10:07 - INFO] - SpamX - SpamX Started Successfully !
[15-Sep-23 12:44:40 - INFO] - AltSpam - Started As None !
[15-Sep-23 12:44:41 - INFO] - AltSpam - Necessary Modules Imported Successfully !
[15-Sep-23 12:45:00 - INFO] - AltSpam - Assistant One Started !
[15-Sep-23 12:45:00 - INFO] - AltSpam - AltSpam Started Successfully !
[15-Sep-23 13:10:53 - INFO] - AltSpam - Started As None !
[15-Sep-23 13:10:53 - INFO] - AltSpam - Necessary Modules Imported Successfully !
[15-Sep-23 13:10:59 - INFO] - AltSpam - Assistant One Started !
[15-Sep-23 13:10:59 - INFO] - AltSpam - AltSpam Started Successfully !
[15-Sep-23 13:15:30 - INFO] - AltSpam - Started As None !
[15-Sep-23 13:15:31 - INFO] - AltSpam - Necessary Modules Imported Successfully !
[15-Sep-23 13:15:39 - INFO] - AltSpam - Assistant One Started !
[15-Sep-23 13:15:39 - INFO] - AltSpam - AltSpam Started Successfully !
[15-Sep-23 13:22:32 - INFO] - AltSpam - Started As None !
[15-Sep-23 13:22:32 - INFO] - AltSpam - Necessary Modules Imported Successfully !
[15-Sep-23 13:22:40 - INFO] - AltSpam - Assistant One Started !
[15-Sep-23 13:22:40 - INFO] - AltSpam - AltSpam Started Successfully !
[15-Sep-23 13:41:07 - INFO] - AltSpam - Started As None !
[15-Sep-23 13:41:08 - INFO] - AltSpam - Necessary Modules Imported Successfully !
[15-Sep-23 13:41:24 - INFO] - AltSpam - Assistant One Started !
[15-Sep-23 13:41:24 - INFO] - AltSpam - AltSpam Started Successfully !
[15-Sep-23 13:42:58 - INFO] - AltSpam - Started As None !
[15-Sep-23 13:42:58 - INFO] - AltSpam - Necessary Modules Imported Successfully !
[15-Sep-23 13:43:11 - INFO] - AltSpam - Assistant One Started !
[15-Sep-23 13:43:11 - INFO] - AltSpam - AltSpam Started Successfully !
[15-Sep-23 13:51:48 - INFO] - AltSpam - Started As None !
[15-Sep-23 13:51:48 - INFO] - AltSpam - Necessary Modules Imported Successfully !
[15-Sep-23 13:51:56 - INFO] - AltSpam - Assistant One Started !
[15-Sep-23 13:51:56 - INFO] - AltSpam - AltSpam Started Successfully !
[15-Sep-23 14:01:50 - INFO] - AltSpam - Started As None !
[15-Sep-23 14:01:51 - INFO] - AltSpam - Necessary Modules Imported Successfully !
[15-Sep-23 14:01:58 - INFO] - AltSpam - Assistant One Started !
[15-Sep-23 14:01:58 - INFO] - AltSpam - AltSpam Started Successfully !
[15-Sep-23 14:09:28 - WARNING] - asyncio - socket.send() raised exception.
[15-Sep-23 14:09:28 - WARNING] - asyncio - socket.send() raised exception.
[15-Sep-23 14:09:28 - WARNING] - asyncio - socket.send() raised exception.
[15-Sep-23 14:09:30 - WARNING] - asyncio - socket.send() raised exception.
[15-Sep-23 14:09:30 - WARNING] - asyncio - socket.send() raised exception.
[15-Sep-23 14:09:30 - WARNING] - asyncio - socket.send() raised exception.
[15-Sep-23 14:09:44 - WARNING] - asyncio - socket.send() raised exception.
[15-Sep-23 14:09:44 - WARNING] - asyncio - socket.send() raised exception.
[15-Sep-23 14:09:44 - WARNING] - asyncio - socket.send() raised exception.
[15-Sep-23 14:09:44 - WARNING] - asyncio - socket.send() raised exception.
[15-Sep-23 14:09:44 - WARNING] - asyncio - socket.send() raised exception.
[15-Sep-23 14:09:44 - WARNING] - asyncio - socket.send() raised exception.
[15-Sep-23 14:09:47 - WARNING] - asyncio - socket.send() raised exception.
[15-Sep-23 14:09:47 - WARNING] - asyncio - socket.send() raised exception.
[15-Sep-23 14:09:47 - WARNING] - asyncio - socket.send() raised exception.
[15-Sep-23 14:09:47 - WARNING] - asyncio - socket.send() raised exception.
[15-Sep-23 14:09:47 - WARNING] - asyncio - socket.send() raised exception.
[15-Sep-23 14:09:47 - WARNING] - asyncio - socket.send() raised exception.
[15-Sep-23 14:09:47 - WARNING] - asyncio - socket.send() raised exception.
[15-Sep-23 14:09:59 - WARNING] - asyncio - socket.send() raised exception.
[15-Sep-23 14:09:59 - WARNING] - asyncio - socket.send() raised exception.
[15-Sep-23 14:09:59 - WARNING] - asyncio - socket.send() raised exception.
[15-Sep-23 14:09:59 - WARNING] - asyncio - socket.send() raised exception.
[15-Sep-23 14:09:59 - WARNING] - asyncio - socket.send() raised exception.
[15-Sep-23 14:09:59 - WARNING] - asyncio - socket.send() raised exception.
[15-Sep-23 14:09:59 - WARNING] - asyncio - socket.send() raised exception.
[15-Sep-23 14:10:02 - WARNING] - asyncio - socket.send() raised exception.
[15-Sep-23 14:10:04 - WARNING] - asyncio - socket.send() raised exception.
[15-Sep-23 14:10:04 - WARNING] - asyncio - socket.send() raised exception.
[15-Sep-23 14:10:04 - WARNING] - asyncio - socket.send() raised exception.
[15-Sep-23 14:10:04 - WARNING] - asyncio - socket.send() raised exception.
[15-Sep-23 14:10:04 - WARNING] - asyncio - socket.send() raised exception.
[15-Sep-23 14:10:04 - WARNING] - asyncio - socket.send() raised exception.
[15-Sep-23 14:10:04 - WARNING] - asyncio - socket.send() raised exception.
[15-Sep-23 14:10:04 - WARNING] - asyncio - socket.send() raised exception.
[15-Sep-23 14:10:04 - WARNING] - asyncio - socket.send() raised exception.
[15-Sep-23 14:10:04 - WARNING] - asyncio - socket.send() raised exception.
[15-Sep-23 14:10:12 - WARNING] - asyncio - socket.send() raised exception.
[15-Sep-23 14:10:15 - WARNING] - asyncio - socket.send() raised exception.
[15-Sep-23 14:10:15 - WARNING] - asyncio - socket.send() raised exception.
[15-Sep-23 14:10:15 - WARNING] - asyncio - socket.send() raised exception.
[15-Sep-23 14:10:15 - WARNING] - asyncio - socket.send() raised exception.
[15-Sep-23 14:10:15 - WARNING] - asyncio - socket.send() raised exception.
[15-Sep-23 14:10:15 - WARNING] - asyncio - socket.send() raised exception.
[15-Sep-23 14:10:15 - WARNING] - asyncio - socket.send() raised exception.
[15-Sep-23 14:10:15 - WARNING] - asyncio - socket.send() raised exception.
[15-Sep-23 14:10:15 - WARNING] - asyncio - socket.send() raised exception.
[15-Sep-23 14:10:15 - WARNING] - asyncio - socket.send() raised exception.
[15-Sep-23 14:10:15 - WARNING] - asyncio - socket.send() raised exception.
[15-Sep-23 14:10:15 - WARNING] - asyncio - socket.send() raised exception.
[15-Sep-23 14:10:15 - WARNING] - asyncio - socket.send() raised exception.
[15-Sep-23 14:10:15 - WARNING] - asyncio - socket.send() raised exception.
[15-Sep-23 14:10:15 - WARNING] - asyncio - socket.send() raised exception.
[15-Sep-23 14:10:15 - WARNING] - asyncio - socket.send() raised exception.
[15-Sep-23 14:10:15 - WARNING] - asyncio - socket.send() raised exception.
[15-Sep-23 14:10:16 - WARNING] - asyncio - socket.send() raised exception.
[15-Sep-23 14:10:20 - WARNING] - asyncio - socket.send() raised exception.
[15-Sep-23 14:10:20 - WARNING] - asyncio - socket.send() raised exception.
[15-Sep-23 14:10:20 - WARNING] - asyncio - socket.send() raised exception.
[15-Sep-23 14:10:20 - WARNING] - asyncio - socket.send() raised exception.
[15-Sep-23 14:10:20 - WARNING] - asyncio - socket.send() raised exception.
[15-Sep-23 14:10:20 - WARNING] - asyncio - socket.send() raised exception.
[15-Sep-23 14:10:20 - WARNING] - asyncio - socket.send() raised exception.
[15-Sep-23 14:10:20 - WARNING] - asyncio - socket.send() raised exception.
[15-Sep-23 14:10:20 - WARNING] - asyncio - socket.send() raised exception.
[15-Sep-23 14:10:20 - WARNING] - asyncio - socket.send() raised exception.
[15-Sep-23 14:10:20 - WARNING] - asyncio - socket.send() raised exception.
[15-Sep-23 14:10:20 - WARNING] - asyncio - socket.send() raised exception.
[15-Sep-23 14:10:20 - WARNING] - asyncio - socket.send() raised exception.
[15-Sep-23 14:10:20 - WARNING] - asyncio - socket.send() raised exception.
[15-Sep-23 14:10:20 - WARNING] - asyncio - socket.send() raised exception.
[15-Sep-23 14:10:20 - WARNING] - asyncio - socket.send() raised exception.
[15-Sep-23 14:10:20 - WARNING] - asyncio - socket.send() raised exception.
[15-Sep-23 14:10:20 - WARNING] - asyncio - socket.send() raised exception.
[15-Sep-23 14:10:20 - WARNING] - asyncio - socket.send() raised exception.
[15-Sep-23 14:10:20 - WARNING] - asyncio - socket.send() raised exception.
[15-Sep-23 14:10:20 - WARNING] - asyncio - socket.send() raised exception.
[15-Sep-23 14:10:20 - WARNING] - asyncio - socket.send() raised exception.
[15-Sep-23 14:10:20 - WARNING] - asyncio - socket.send() raised exception.
[15-Sep-23 14:10:20 - WARNING] - asyncio - socket.send() raised exception.
[15-Sep-23 14:10:20 - WARNING] - asyncio - socket.send() raised exception.
[15-Sep-23 14:10:20 - WARNING] - asyncio - socket.send() raised exception.
[15-Sep-23 14:10:20 - WARNING] - asyncio - socket.send() raised exception.
[15-Sep-23 14:10:20 - WARNING] - asyncio - socket.send() raised exception.
[15-Sep-23 14:10:20 - WARNING] - asyncio - socket.send() raised exception.
[15-Sep-23 14:10:20 - WARNING] - asyncio - socket.send() raised exception.
[15-Sep-23 14:10:20 - WARNING] - asyncio - socket.send() raised exception.
[15-Sep-23 14:17:42 - INFO] - AltSpam - Started As None !
[15-Sep-23 14:17:43 - INFO] - AltSpam - Necessary Modules Imported Successfully !
[15-Sep-23 14:17:43 - INFO] - AltSpam - Necessary Modules Imported Successfully !
[15-Sep-23 14:17:43 - INFO] - AltSpam - Necessary Modules Imported Successfully !
[15-Sep-23 14:17:43 - INFO] - AltSpam - Necessary Modules Imported Successfully !
[15-Sep-23 14:17:43 - INFO] - AltSpam - Necessary Modules Imported Successfully !
[15-Sep-23 14:17:43 - INFO] - AltSpam - Necessary Modules Imported Successfully !
[15-Sep-23 14:17:43 - INFO] - AltSpam - Necessary Modules Imported Successfully !
[15-Sep-23 14:17:49 - INFO] - AltSpam - Assistant One Started !
[15-Sep-23 14:17:49 - INFO] - AltSpam - AltSpam Started Successfully !
[15-Sep-23 14:28:02 - INFO] - AltSpam - Started As None !
[15-Sep-23 14:28:03 - INFO] - AltSpam - Necessary Modules Imported Successfully !
[15-Sep-23 14:28:09 - INFO] - AltSpam - Assistant One Started !
[15-Sep-23 14:28:09 - INFO] - AltSpam - AltSpam Started Successfully !
[15-Sep-23 14:30:21 - INFO] - AltSpam - Started As None !
[15-Sep-23 14:30:22 - INFO] - AltSpam - Necessary Modules Imported Successfully !
[15-Sep-23 14:30:29 - INFO] - AltSpam - Assistant One Started !
[15-Sep-23 14:30:29 - INFO] - AltSpam - AltSpam Started Successfully !
[15-Sep-23 14:33:57 - INFO] - AltSpam - Started As None !
[15-Sep-23 14:33:57 - INFO] - AltSpam - Necessary Modules Imported Successfully !
[15-Sep-23 14:34:10 - INFO] - AltSpam - Assistant One Started !
[15-Sep-23 14:34:10 - INFO] - AltSpam - AltSpam Started Successfully !
[15-Sep-23 14:52:14 - INFO] - AltSpam - Started As None !
[15-Sep-23 14:52:15 - INFO] - AltSpam - Necessary Modules Imported Successfully !
[15-Sep-23 14:52:21 - INFO] - AltSpam - Assistant One Started !
[15-Sep-23 14:52:21 - INFO] - AltSpam - AltSpam Started Successfully !
[15-Sep-23 14:57:32 - INFO] - AltSpam - Started As None !
[15-Sep-23 14:57:32 - INFO] - AltSpam - Necessary Modules Imported Successfully !
[15-Sep-23 14:57:42 - INFO] - AltSpam - Assistant One Started !
[15-Sep-23 14:57:42 - INFO] - AltSpam - AltSpam Started Successfully !
[15-Sep-23 14:58:16 - ERROR] - pyrogram.dispatcher - Telegram says: [400 USER_BANNED_IN_CHANNEL] - You are limited from sending messages in supergroups/channels, check @SpamBot for details (caused by "messages.SendMessage")
Traceback (most recent call last):
  File "C:\Users\shail\Downloads\TheXSpam-main (2)\TheXSpam-main\AltSpam\Plugins\help.py", line 175, in func_help
    await one.send_inline_bot_result(chat, hero.query_id, hero.results[0].id)
  File "c:\Users\shail\Downloads\TheXSpam-main (2)\TheXSpam-main\.venv\Lib\site-packages\pyrogram\methods\bots\send_inline_bot_result.py", line 66, in send_inline_bot_result
    return await self.invoke(
           ^^^^^^^^^^^^^^^^^^
  File "c:\Users\shail\Downloads\TheXSpam-main (2)\TheXSpam-main\.venv\Lib\site-packages\pyrogram\methods\advanced\invoke.py", line 79, in invoke
    r = await self.session.invoke(
        ^^^^^^^^^^^^^^^^^^^^^^^^^^
  File "c:\Users\shail\Downloads\TheXSpam-main (2)\TheXSpam-main\.venv\Lib\site-packages\pyrogram\session\session.py", line 389, in invoke
    return await self.send(query, timeout=timeout)
           ^^^^^^^^^^^^^^^^^^^^^^^^^^^^^^^^^^^^^^^
  File "c:\Users\shail\Downloads\TheXSpam-main (2)\TheXSpam-main\.venv\Lib\site-packages\pyrogram\session\session.py", line 357, in send
    RPCError.raise_it(result, type(data))
  File "c:\Users\shail\Downloads\TheXSpam-main (2)\TheXSpam-main\.venv\Lib\site-packages\pyrogram\errors\rpc_error.py", line 91, in raise_it
    raise getattr(
pyrogram.errors.exceptions.bad_request_400.UserBannedInChannel: Telegram says: [400 USER_BANNED_IN_CHANNEL] - You are limited from sending messages in supergroups/channels, check @SpamBot for details (caused by "messages.SendInlineBotResult")

During handling of the above exception, another exception occurred:

Traceback (most recent call last):
  File "c:\Users\shail\Downloads\TheXSpam-main (2)\TheXSpam-main\.venv\Lib\site-packages\pyrogram\dispatcher.py", line 240, in handler_worker
    await handler.callback(self.client, *args)
  File "C:\Users\shail\Downloads\TheXSpam-main (2)\TheXSpam-main\AltSpam\Plugins\help.py", line 181, in func_help
    await message.reply_text(f"Inline Help Menu Not Supported In This Chat Go To Bot's Dm For Help Menu @{app.username}")
  File "c:\Users\shail\Downloads\TheXSpam-main (2)\TheXSpam-main\.venv\Lib\site-packages\pyrogram\types\messages_and_media\message.py", line 970, in reply_text
    return await self._client.send_message(
           ^^^^^^^^^^^^^^^^^^^^^^^^^^^^^^^^
  File "c:\Users\shail\Downloads\TheXSpam-main (2)\TheXSpam-main\.venv\Lib\site-packages\pyrogram\methods\messages\send_message.py", line 126, in send_message
    r = await self.invoke(
        ^^^^^^^^^^^^^^^^^^
  File "c:\Users\shail\Downloads\TheXSpam-main (2)\TheXSpam-main\.venv\Lib\site-packages\pyrogram\methods\advanced\invoke.py", line 79, in invoke
    r = await self.session.invoke(
        ^^^^^^^^^^^^^^^^^^^^^^^^^^
  File "c:\Users\shail\Downloads\TheXSpam-main (2)\TheXSpam-main\.venv\Lib\site-packages\pyrogram\session\session.py", line 389, in invoke
    return await self.send(query, timeout=timeout)
           ^^^^^^^^^^^^^^^^^^^^^^^^^^^^^^^^^^^^^^^
  File "c:\Users\shail\Downloads\TheXSpam-main (2)\TheXSpam-main\.venv\Lib\site-packages\pyrogram\session\session.py", line 357, in send
    RPCError.raise_it(result, type(data))
  File "c:\Users\shail\Downloads\TheXSpam-main (2)\TheXSpam-main\.venv\Lib\site-packages\pyrogram\errors\rpc_error.py", line 91, in raise_it
    raise getattr(
pyrogram.errors.exceptions.bad_request_400.UserBannedInChannel: Telegram says: [400 USER_BANNED_IN_CHANNEL] - You are limited from sending messages in supergroups/channels, check @SpamBot for details (caused by "messages.SendMessage")
